<?xml version="1.0" encoding="UTF-8"?>
<testng-results skipped="0" failed="0" total="2" passed="2">
  <reporter-output>
  </reporter-output>
  <suite name="Default suite" duration-ms="2940" started-at="2023-06-19T10:32:54Z" finished-at="2023-06-19T10:32:57Z">
    <groups>
      <group name="cucumber">
        <method signature="AbstractTestNGCucumberTests.runScenario(io.cucumber.testng.PickleWrapper, io.cucumber.testng.FeatureWrapper)[pri:0, instance:TestRunner.MyRunner@54709809]" name="runScenario" class="io.cucumber.testng.AbstractTestNGCucumberTests"/>
      </group> <!-- cucumber -->
    </groups>
    <test name="Default test" duration-ms="2940" started-at="2023-06-19T10:32:54Z" finished-at="2023-06-19T10:32:57Z">
      <class name="TestRunner.MyRunner">
        <test-method status="PASS" signature="setUpClass(org.testng.ITestContext)[pri:0, instance:TestRunner.MyRunner@54709809]" name="setUpClass" is-config="true" duration-ms="2132" started-at="2023-06-19T16:02:54Z" finished-at="2023-06-19T16:02:56Z">
          <params>
            <param index="0">
              <value>
                <![CDATA[org.testng.TestRunner@2251b3bc]]>
              </value>
            </param>
          </params>
          <reporter-output>
          </reporter-output>
        </test-method> <!-- setUpClass -->
        <test-method status="PASS" signature="runScenario(io.cucumber.testng.PickleWrapper, io.cucumber.testng.FeatureWrapper)[pri:0, instance:TestRunner.MyRunner@54709809]" name="runScenario" duration-ms="335" started-at="2023-06-19T16:02:56Z" description="Runs Cucumber Scenarios" data-provider="scenarios" finished-at="2023-06-19T16:02:57Z">
          <params>
            <param index="0">
              <value>
                <![CDATA["login Amazon"]]>
              </value>
            </param>
            <param index="1">
              <value>
                <![CDATA["Amazon"]]>
              </value>
            </param>
          </params>
          <reporter-output>
          </reporter-output>
        </test-method> <!-- runScenario -->
        <test-method status="PASS" signature="runScenario(io.cucumber.testng.PickleWrapper, io.cucumber.testng.FeatureWrapper)[pri:0, instance:TestRunner.MyRunner@54709809]" name="runScenario" duration-ms="38" started-at="2023-06-19T16:02:57Z" description="Runs Cucumber Scenarios" data-provider="scenarios" finished-at="2023-06-19T16:02:57Z">
          <params>
            <param index="0">
              <value>
                <![CDATA["LogiC:\Users\MadhusriChoppa\eclipse-workspace\Ecllipse_oxygen\CucumberSelTestNG\allure-resultsn with valid credentials"]]>
              </value>
            </param>
            <param index="1">
              <value>
                <![CDATA["Login to HRM Application"]]>
              </value>
            </param>
          </params>
          <reporter-output>
          </reporter-output>
        </test-method> <!-- runScenario -->
        <test-method status="PASS" signature="tearDownClass()[pri:0, instance:TestRunner.MyRunner@54709809]" name="tearDownClass" is-config="true" duration-ms="84" started-at="2023-06-19T16:02:57Z" finished-at="2023-06-19T16:02:57Z">
          <reporter-output>
          </reporter-output>
        </test-method> <!-- tearDownClass -->
      </class> <!-- TestRunner.MyRunner -->
    </test> <!-- Default test -->
  </suite> <!-- Default suite -->
</testng-results>
